2025-06-29 14:10:11,814 - test_collection - INFO - === Testing Article Collection ===
2025-06-29 14:10:19,514 - test_collection - INFO - Collection results:
2025-06-29 14:10:19,518 - test_collection - INFO -   - Total articles: 476
2025-06-29 14:10:19,518 - test_collection - INFO -   - Collection time: 7.70s
2025-06-29 14:10:19,518 - test_collection - INFO -   - Errors: 0
2025-06-29 14:10:19,518 - test_collection - INFO - Sample articles:
2025-06-29 14:10:19,518 - test_collection - INFO -   1. Hong Kong’s League of Social Democrats announces disbandment
2025-06-29 14:10:19,518 - test_collection - INFO -      Source: Al Jazeera English
2025-06-29 14:10:19,518 - test_collection - INFO -      Category: mainstream
2025-06-29 14:10:19,518 - test_collection - INFO -      URL: https://www.aljazeera.com/news/2025/6/29/hong-kong-league-of-social-democrats-announces-disbandment?traffic_source=rss
2025-06-29 14:10:19,518 - test_collection - INFO - 
2025-06-29 14:10:19,518 - test_collection - INFO -   2. Trump defends Netanyahu, attacks Israeli prosecutors over corruption trial
2025-06-29 14:10:19,518 - test_collection - INFO -      Source: Al Jazeera English
2025-06-29 14:10:19,518 - test_collection - INFO -      Category: mainstream
2025-06-29 14:10:19,518 - test_collection - INFO -      URL: https://www.aljazeera.com/news/2025/6/29/trump-defends-netanyahu-attacks-israeli-prosecutors-over-corruption-trial?traffic_source=rss
2025-06-29 14:10:19,518 - test_collection - INFO - 
2025-06-29 14:10:19,518 - test_collection - INFO -   3. Aftermath of deadly Israeli attack on Tehran’s Evin Prison
2025-06-29 14:10:19,518 - test_collection - INFO -      Source: Al Jazeera English
2025-06-29 14:10:19,518 - test_collection - INFO -      Category: mainstream
2025-06-29 14:10:19,518 - test_collection - INFO -      URL: https://www.aljazeera.com/gallery/2025/6/29/aftermath-of-deadly-israeli-attack-on-tehrans-evin-prison?traffic_source=rss
2025-06-29 14:10:19,518 - test_collection - INFO - 
2025-06-29 14:10:51,556 - test_collection - INFO - === Testing Article Collection ===
2025-06-29 14:10:59,048 - test_collection - INFO - Collection results:
2025-06-29 14:10:59,048 - test_collection - INFO -   - Total articles: 476
2025-06-29 14:10:59,048 - test_collection - INFO -   - Collection time: 7.49s
2025-06-29 14:10:59,048 - test_collection - INFO -   - Errors: 0
2025-06-29 14:10:59,048 - test_collection - INFO - Sample articles:
2025-06-29 14:10:59,048 - test_collection - INFO -   1. India’s Monarchy Fantasy in Nepal Is a Strategic Mirage
2025-06-29 14:10:59,048 - test_collection - INFO -      Source: The Diplomat
2025-06-29 14:10:59,048 - test_collection - INFO -      Category: analysis
2025-06-29 14:10:59,048 - test_collection - INFO -      URL: https://thediplomat.com/2025/06/indias-monarchy-fantasy-in-nepal-is-a-strategic-mirage/
2025-06-29 14:10:59,048 - test_collection - INFO - 
2025-06-29 14:10:59,048 - test_collection - INFO -   2. Mongolia’s Government Transition: Democracy in Action or Foreign Interference?
2025-06-29 14:10:59,048 - test_collection - INFO -      Source: The Diplomat
2025-06-29 14:10:59,048 - test_collection - INFO -      Category: analysis
2025-06-29 14:10:59,048 - test_collection - INFO -      URL: https://thediplomat.com/2025/06/mongolias-government-transition-democracy-in-action-or-foreign-interference/
2025-06-29 14:10:59,048 - test_collection - INFO - 
2025-06-29 14:10:59,048 - test_collection - INFO -   3. Reframing the French Indo-Pacific: French Polynesia, a Model of Shared Sovereignty?
2025-06-29 14:10:59,048 - test_collection - INFO -      Source: The Diplomat
2025-06-29 14:10:59,048 - test_collection - INFO -      Category: analysis
2025-06-29 14:10:59,048 - test_collection - INFO -      URL: https://thediplomat.com/2025/06/reframing-the-french-indo-pacific-french-polynesia-a-model-of-shared-sovereignty/
2025-06-29 14:10:59,048 - test_collection - INFO - 
2025-06-29 14:17:09,038 - test_complete_pipeline - INFO - === Testing Complete Newsletter Pipeline ===
2025-06-29 14:17:09,038 - test_complete_pipeline - INFO - Running in DRY_RUN mode (no real AI API calls)
2025-06-29 14:17:09,038 - main_pipeline - INFO - === Starting Geopolitical Daily Newsletter Pipeline ===
2025-06-29 14:17:09,038 - main_pipeline - INFO - Pipeline started at: 2025-06-29 14:17:09.038940
2025-06-29 14:17:09,038 - main_pipeline - INFO - Step 1: Validating configuration...
2025-06-29 14:17:09,039 - main_pipeline - INFO - Configuration validated successfully
2025-06-29 14:17:09,039 - main_pipeline - INFO - Step 2: Collecting articles from all sources...
2025-06-29 14:17:15,819 - main_pipeline - INFO - Collection completed: 476 articles
2025-06-29 14:17:15,820 - main_pipeline - INFO - Step 3: Processing articles...
2025-06-29 14:17:36,524 - main_pipeline - INFO - Processing completed: 445 clusters created
2025-06-29 14:17:36,525 - main_pipeline - INFO - Step 4: Skipping AI analysis (dry run mode)
2025-06-29 14:17:36,525 - main_pipeline - INFO - Step 5: Generating newsletter...
2025-06-29 14:17:36,526 - main_pipeline - INFO - Newsletter saved to: /Users/vaclav/Documents/augment-projects/geodaily/output/newsletter_20250629_141736.html
2025-06-29 14:17:36,526 - main_pipeline - INFO - Step 6: Publishing newsletter...
2025-06-29 14:17:36,527 - main_pipeline - INFO - ✅ Published to GitHub Pages: newsletters/newsletter-2025-06-29.html
2025-06-29 14:17:36,528 - main_pipeline - INFO - ✅ Substack exports ready: substack_exports/substack-2025-06-29.md
2025-06-29 14:17:36,528 - main_pipeline - INFO - === Pipeline Summary ===
2025-06-29 14:17:36,528 - main_pipeline - INFO - Total execution time: 27.49 seconds
2025-06-29 14:17:36,528 - main_pipeline - INFO - Articles collected: 476
2025-06-29 14:17:36,528 - main_pipeline - INFO - Articles after processing: 470
2025-06-29 14:17:36,528 - main_pipeline - INFO - Clusters created: 445
2025-06-29 14:17:36,528 - main_pipeline - INFO - Stories selected: 4
2025-06-29 14:17:36,528 - main_pipeline - INFO - GitHub Pages: newsletters/newsletter-2025-06-29.html
2025-06-29 14:17:36,528 - main_pipeline - INFO - Substack files: substack_exports/substack-2025-06-29.md
2025-06-29 14:17:36,528 - main_pipeline - INFO - Legacy file: /Users/vaclav/Documents/augment-projects/geodaily/output/newsletter_20250629_141736.html
2025-06-29 14:17:36,528 - main_pipeline - INFO - Success rate: 100.00%
2025-06-29 14:17:36,528 - main_pipeline - INFO - === Pipeline Completed Successfully ===
2025-06-29 14:17:36,538 - test_complete_pipeline - INFO - ✅ Complete pipeline test PASSED!
2025-06-29 14:17:36,539 - test_complete_pipeline - INFO - 📧 Latest newsletter: output/newsletter_20250629_141736.html
2025-06-29 14:17:36,539 - test_complete_pipeline - INFO - 📊 File size: 12099 bytes
2025-06-29 14:22:40,072 - test_complete_pipeline - INFO - === Testing Complete Newsletter Pipeline ===
2025-06-29 14:22:40,073 - test_complete_pipeline - INFO - Running in DRY_RUN mode (no real AI API calls)
2025-06-29 14:22:40,073 - main_pipeline - INFO - === Starting Geopolitical Daily Newsletter Pipeline ===
2025-06-29 14:22:40,073 - main_pipeline - INFO - Pipeline started at: 2025-06-29 14:22:40.073104
2025-06-29 14:22:40,073 - main_pipeline - INFO - Step 1: Validating configuration...
2025-06-29 14:22:40,073 - main_pipeline - INFO - Configuration validated successfully
2025-06-29 14:22:40,073 - main_pipeline - INFO - Step 2: Collecting articles from all sources...
2025-06-29 14:22:47,480 - main_pipeline - INFO - Collection completed: 476 articles
2025-06-29 14:22:47,481 - main_pipeline - INFO - Step 3: Processing articles...
2025-06-29 14:23:08,318 - main_pipeline - INFO - Processing completed: 445 clusters created
2025-06-29 14:23:08,318 - main_pipeline - INFO - Step 4: Skipping AI analysis (dry run mode)
2025-06-29 14:23:08,318 - main_pipeline - INFO - Step 5: Generating newsletter...
2025-06-29 14:23:08,319 - main_pipeline - INFO - Newsletter saved to: /Users/vaclav/Documents/augment-projects/geodaily/output/newsletter_20250629_142308.html
2025-06-29 14:23:08,319 - main_pipeline - INFO - Step 6: Publishing newsletter...
2025-06-29 14:23:08,322 - main_pipeline - INFO - ✅ Published to GitHub Pages: newsletters/newsletter-2025-06-29.html
2025-06-29 14:23:08,323 - main_pipeline - INFO - ✅ Substack exports ready: substack_exports/substack-2025-06-29.md
2025-06-29 14:23:08,323 - main_pipeline - INFO - Step 7: Sending admin notification...
2025-06-29 14:23:08,323 - main_pipeline - INFO - 📧 Admin notification skipped (not configured)
2025-06-29 14:23:08,323 - main_pipeline - INFO - === Pipeline Summary ===
2025-06-29 14:23:08,323 - main_pipeline - INFO - Total execution time: 28.25 seconds
2025-06-29 14:23:08,323 - main_pipeline - INFO - Articles collected: 476
2025-06-29 14:23:08,323 - main_pipeline - INFO - Articles after processing: 470
2025-06-29 14:23:08,323 - main_pipeline - INFO - Clusters created: 445
2025-06-29 14:23:08,323 - main_pipeline - INFO - Stories selected: 4
2025-06-29 14:23:08,323 - main_pipeline - INFO - GitHub Pages: newsletters/newsletter-2025-06-29.html
2025-06-29 14:23:08,323 - main_pipeline - INFO - Substack files: substack_exports/substack-2025-06-29.md
2025-06-29 14:23:08,323 - main_pipeline - INFO - Legacy file: /Users/vaclav/Documents/augment-projects/geodaily/output/newsletter_20250629_142308.html
2025-06-29 14:23:08,323 - main_pipeline - INFO - Success rate: 100.00%
2025-06-29 14:23:08,323 - main_pipeline - INFO - === Pipeline Completed Successfully ===
2025-06-29 14:23:08,335 - test_complete_pipeline - INFO - ✅ Complete pipeline test PASSED!
2025-06-29 14:23:08,336 - test_complete_pipeline - INFO - 📧 Latest newsletter: output/newsletter_20250629_142308.html
2025-06-29 14:23:08,336 - test_complete_pipeline - INFO - 📊 File size: 12099 bytes
